POST /api/users/register 201 263 - 694.452 ms
POST /api/users/login 200 24 - 33.239 ms
POST /api/users/login 200 24 - 34.641 ms
POST /api/users/login 200 24 - 28.997 ms
POST /api/users/login 500 17 - 32.179 ms
POST /api/users/login 500 17 - 43.356 ms
POST /api/users/login 500 17 - 42.146 ms
POST /api/users/login 200 24 - 35.302 ms
POST /api/users/login 200 24 - 12.575 ms
POST /api/users/login 200 24 - 35.714 ms
POST /api/users/login 200 183 - 393.260 ms
GET /api/users/account 500 1417 - 39.728 ms
GET /api/users/account 200 263 - 37.735 ms
PUT /api/users/update 201 208 - 229.827 ms
PUT /api/users/update 200 16 - 18.927 ms
PUT /api/users/update 200 16 - 19.557 ms
PUT /api/users/update 200 16 - 28.082 ms
PUT /api/users/update 201 208 - 79.883 ms
PUT /api/users/update 200 16 - 173.145 ms
PUT /api/users/update 201 208 - 137.518 ms
PUT /api/users/update 201 258 - 127.811 ms
PUT /api/users/update 201 258 - 126.235 ms
PUT /api/users/update 200 16 - 26.479 ms
PUT /api/users/update 200 16 - 33.623 ms
PUT /api/users/update 201 258 - 137.412 ms
PUT /api/users/update 200 16 - 69.101 ms
PUT /api/users/update 200 16 - 16.073 ms
PUT /api/users/update 200 16 - 34.777 ms
POST /api/users/register 201 263 - 144.451 ms
POST /api/users/login 200 183 - 121.622 ms
GET /api/users/account 200 263 - 7.821 ms
PUT /api/users/update 201 258 - 101.918 ms
GET /api/users/account 200 258 - 5.837 ms
PUT /api/users/update 201 254 - 99.171 ms
OPTIONS /api/users/register 200 4 - 14.814 ms
POST /api/users/register 201 262 - 402.906 ms
POST /api/users/register 201 262 - 157.439 ms
POST /api/users/register 201 262 - 215.429 ms
POST /api/users/register 201 262 - 827.652 ms
POST /api/users/register 201 262 - 1222.160 ms
POST /api/users/register 201 262 - 356.109 ms
POST /api/users/login 200 183 - 452.969 ms
GET /api/users/account 200 262 - 495.547 ms
GET /api/users/account 304 - - 8.027 ms
GET /api/users/account 304 - - 44.633 ms
POST /api/users/login 200 183 - 451.030 ms
GET /api/users/account 304 - - 79.411 ms
GET /api/users/account 304 - - 7.126 ms
POST /api/users/login 200 183 - 296.865 ms
GET /api/users/account 304 - - 157.510 ms
GET /api/users/account 304 - - 5.688 ms
GET /api/users/account 304 - - 4.974 ms
GET /api/users/account 304 - - 7.049 ms
GET /api/users/account 304 - - 23.528 ms
POST /api/users/login - - - - ms
POST /api/users/login - - - - ms
POST /api/users/login - - - - ms
POST /api/users/login 200 24 - 99.151 ms
GET /api/users/account 500 17 - 64.150 ms
POST /api/users/login 200 24 - 233.969 ms
GET /api/users/account 500 17 - 1.358 ms
GET /api/users/account 500 17 - 1.265 ms
GET /api/users/account 500 17 - 4.350 ms
GET /api/users/account 500 17 - 4.249 ms
GET /api/users/account 500 17 - 0.779 ms
GET /api/users/account 500 17 - 0.558 ms
GET /api/users/account 500 17 - 0.662 ms
GET /api/users/account 500 17 - 5.673 ms
GET /api/users/account 500 17 - 0.657 ms
GET /api/users/account 500 17 - 0.450 ms
GET /api/users/account 500 17 - 0.505 ms
GET /api/users/account 500 17 - 0.530 ms
GET /api/users/account 500 17 - 0.625 ms
GET /api/users/account 500 17 - 0.754 ms
GET /api/users/account 500 17 - 0.439 ms
GET /api/users/account 500 17 - 0.491 ms
GET /api/users/account 500 17 - 0.950 ms
POST /api/users/login 200 24 - 287.755 ms
GET /api/users/account 500 17 - 0.858 ms
GET /api/users/account 500 17 - 1.020 ms
POST /api/users/login 200 24 - 197.171 ms
GET /api/users/account 500 17 - 0.436 ms
GET /api/users/account 200 254 - 206.654 ms
POST /api/users/login 200 24 - 189.978 ms
GET /api/users/account 500 17 - 0.595 ms
POST /api/users/login 200 24 - 226.380 ms
GET /api/users/account 500 17 - 0.866 ms
POST /api/users/login 200 183 - 232.867 ms
GET /api/users/account 200 254 - 7.398 ms
GET /api/users/account 304 - - 8.179 ms
GET /api/users/account 304 - - 7.308 ms
GET /api/users/account 304 - - 6.578 ms
GET /api/users/account 304 - - 7.048 ms
GET /api/users/account 304 - - 6.741 ms
GET /api/users/account 304 - - 7.069 ms
GET /api/users/account 304 - - 6.368 ms
GET /api/users/account 304 - - 5.331 ms
POST /api/users/register 201 256 - 184.642 ms
POST /api/users/login 200 183 - 86.499 ms
GET /api/users/account 200 256 - 4.557 ms
GET /api/users/account 304 - - 8.929 ms
POST /api/users/login 200 183 - 247.561 ms
GET /api/users/account 304 - - 5.945 ms
POST /api/users/login 200 183 - 243.666 ms
GET /api/users/account 304 - - 5.962 ms
POST /api/users/login 200 183 - 242.286 ms
GET /api/users/account 304 - - 5.648 ms
POST /api/users/login 200 183 - 183.668 ms
GET /api/users/account 304 - - 6.640 ms
POST /api/users/login 200 183 - 194.538 ms
GET /api/users/account 304 - - 6.078 ms
GET /api/users/account 304 - - 5.691 ms
GET /api/users/account 304 - - 5.032 ms
POST /api/users/login 200 183 - 183.695 ms
GET /api/users/account 304 - - 5.600 ms
GET /api/users/account 304 - - 8.651 ms
POST /api/users/login 200 183 - 194.124 ms
GET /api/users/account 304 - - 5.471 ms
GET /api/users/account 304 - - 6.201 ms
POST /api/users/login 200 183 - 244.488 ms
GET /api/users/account 304 - - 5.790 ms
GET /api/users/account 304 - - 6.639 ms
POST /api/users/login 200 183 - 217.840 ms
GET /api/users/account 304 - - 6.503 ms
POST /api/users/login 200 183 - 202.279 ms
GET /api/users/account 304 - - 3.692 ms
GET /api/users/account 304 - - 6.088 ms
GET /api/users/account 304 - - 7.479 ms
POST /api/users/login 200 183 - 201.881 ms
GET /api/users/account 304 - - 5.704 ms
GET /api/users/account 304 - - 4.524 ms
POST /api/users/login 200 183 - 227.772 ms
GET /api/users/account 304 - - 4.518 ms
GET /api/users/account 304 - - 5.576 ms
GET /api/users/account 304 - - 6.286 ms
POST /api/users/login 200 183 - 203.431 ms
GET /api/users/account 304 - - 5.087 ms
GET /api/users/account 304 - - 4.976 ms
GET /api/users/account 304 - - 4.409 ms
GET /api/users/account 304 - - 5.629 ms
POST /api/users/login 200 183 - 200.507 ms
GET /api/users/account 304 - - 4.679 ms
POST /api/users/login 200 183 - 206.811 ms
GET /api/users/account 304 - - 3.743 ms
GET /api/users/account 304 - - 5.157 ms
POST /api/users/login 200 183 - 191.816 ms
GET /api/users/account 304 - - 5.157 ms
POST /api/users/login 200 183 - 255.427 ms
GET /api/users/account 304 - - 5.606 ms
POST /api/users/register 500 17 - 1392.971 ms
POST /api/users/register 500 17 - 124.795 ms
POST /api/users/register 500 17 - 111.504 ms
POST /api/users/register 201 279 - 389.458 ms
POST /api/users/register 500 249 - 33.910 ms
POST /api/users/register 201 252 - 193.570 ms
POST /api/users/register 201 258 - 113.180 ms
POST /api/users/login 200 183 - 189.564 ms
POST /api/posts/create 201 225 - 92.810 ms
POST /api/users/login 200 183 - 117.739 ms
POST /api/posts/create 201 222 - 23.544 ms
GET /api/posts/showAll 200 450 - 8.419 ms
GET /api/posts/showOne/664e0596c81d071252cc92b3 200 4 - 175.327 ms
GET /api/posts/showOne/664e0596c81d071252cc92b3 200 4 - 3.189 ms
GET /api/posts/showOne/664e0596c81d071252cc92b3 200 225 - 81.520 ms
GET /api/posts/showAll 200 450 - 15.639 ms
PUT /api/posts/update/664e086d7eaec0d5648f6a36 404 180 - 2.392 ms
PUT /api/posts/update/664e086d7eaec0d5648f6a36 500 17 - 39.901 ms
PUT /api/posts/update/664e086d7eaec0d5648f6a36 500 17 - 49.373 ms
PUT /api/posts/update/664e086d7eaec0d5648f6a36 500 17 - 11.637 ms
PUT /api/posts/update/664e086d7eaec0d5648f6a36 200 226 - 306.923 ms
GET /api/posts/showOne/664e086d7eaec0d5648f6a36 404 30 - 2.918 ms
GET /api/posts/showOne/664e086d7eaec0d5648f6a36 200 226 - 71.049 ms
GET /api/posts/showOne/664e0596c81d071252cc92b3 404 30 - 0.567 ms
GET /api/posts/showOne/664e0596c81d071252cc92b3 200 4 - 4.221 ms
GET /api/posts/showOne/664e086d7eaec0d5648f6a36 200 226 - 4.584 ms
DELETE /api/posts/delete/664e086d7eaec0d5648f6a36 200 226 - 75.698 ms
POST /api/users/login 200 183 - 275.734 ms
POST /api/posts/create 201 240 - 51.862 ms
GET /api/posts/mypost 200 468 - 12.849 ms
POST /api/comments/664e228a83b44acd262ab994/create 200 194 - 54.803 ms
GET /api/comments/664e228a83b44acd262ab994/show 500 17 - 5.841 ms
GET /api/comments/664e228a83b44acd262ab994/show 500 17 - 17.431 ms
GET /api/comments/664e228a83b44acd262ab994/show 500 17 - 19.512 ms
GET /api/comments/664e228a83b44acd262ab994/show 500 17 - 17.515 ms
GET /api/comments/664e228a83b44acd262ab994/show 200 18 - 29.879 ms
GET /api/comments/664e228a83b44acd262ab994/show 200 18 - 26.826 ms
GET /api/comments/664e228a83b44acd262ab994/show 200 2 - 39.793 ms
GET /api/comments/664e228a83b44acd262ab994/show 200 2 - 32.746 ms
POST /api/comments/664e228a83b44acd262ab994/create 200 194 - 32.460 ms
GET /api/comments/664e228a83b44acd262ab994/show 200 2 - 5.925 ms
GET /api/comments/664e228a83b44acd262ab994/show 200 2 - 35.737 ms
GET /api/comments/664e228a83b44acd262ab994/show 200 391 - 36.518 ms
GET /api/comments/664e228a83b44acd262ab994/show 200 2 - 17.897 ms
GET /api/comments/664e228a83b44acd262ab994/show 200 2 - 30.849 ms
GET /api/comments/664e228a83b44acd262ab994/show 200 2 - 7.122 ms
GET /api/comments/664e228a83b44acd262ab994/show 200 2 - 67.455 ms
GET /api/comments/664e228a83b44acd262ab994/show 200 2 - 12.074 ms
POST /api/comments/664e228a83b44acd262ab994/create 200 228 - 24.742 ms
GET /api/comments/664e228a83b44acd262ab994/show 200 2 - 6.204 ms
GET /api/comments/664e228a83b44acd262ab994/show 200 2 - 5.196 ms
GET /api/comments/664e228a83b44acd262ab994/show 200 2 - 34.751 ms
GET /api/comments/664e228a83b44acd262ab994/show 200 2 - 25.565 ms
GET /api/comments/664e228a83b44acd262ab994/show 200 230 - 48.704 ms
GET /api/comments/664e228a83b44acd262ab994/show 200 230 - 5.864 ms
POST /api/comments/664e0596c81d071252cc92b3/create 200 214 - 31.689 ms
GET /api/comments/664e0596c81d071252cc92b3/show 200 216 - 5.205 ms
PUT /api/comments/664e0596c81d071252cc92b3/update/664e2e2ca0ee1bde5437aec0 404 208 - 5.651 ms
PUT /api/comments/664e0596c81d071252cc92b3/update/664e2e2ca0ee1bde5437aec0 200 218 - 27.168 ms
DELETE /api/comments/664e0596c81d071252cc92b3/delete/664e2e2ca0ee1bde5437aec0 200 218 - 45.813 ms
POST /api/users/login 200 183 - 749.947 ms
GET /api/users/account 304 - - 137.344 ms
GET /api/users/account 304 - - 7.118 ms
POST /api/users/login 200 183 - 228.868 ms
GET /api/users/account 304 - - 4.856 ms
GET /api/users/account 304 - - 7.603 ms
POST /api/users/login 200 183 - 111.801 ms
GET /api/users/account 304 - - 5.454 ms
GET /api/users/account 304 - - 7.431 ms
POST /api/users/login 200 183 - 108.650 ms
GET /api/users/account 304 - - 7.833 ms
POST /api/users/login 200 183 - 82.507 ms
GET /api/users/account 200 252 - 3.777 ms
GET /api/users/account 304 - - 8.511 ms
GET /api/users/account 304 - - 5.689 ms
GET /api/users/account 304 - - 5.433 ms
POST /api/users/login 200 183 - 173.392 ms
GET /api/users/account 304 - - 6.580 ms
GET /api/users/account 304 - - 46.248 ms
POST /api/users/register 201 280 - 505.402 ms
POST /api/users/login 200 183 - 206.537 ms
GET /api/users/account 200 280 - 7.730 ms
GET /images/1716538108585.jpg 404 163 - 8.288 ms
GET /api/users/account 304 - - 41.703 ms
POST /api/users/login 200 183 - 242.153 ms
GET /api/users/account 304 - - 7.582 ms
GET /images/1716538108585.jpg 200 98700 - 21.996 ms
GET /api/users/account 304 - - 22.394 ms
POST /api/users/login 200 183 - 239.381 ms
GET /api/users/account 304 - - 8.347 ms
GET /images/1716538108585.jpg 200 98700 - 9.408 ms
GET /backend/images/1716538108585.jpg 404 171 - 4.165 ms
GET /api/users/account 304 - - 5.815 ms
POST /api/users/login 200 183 - 230.066 ms
GET /api/users/account 304 - - 6.587 ms
GET /backend/images/1716538108585.jpg 404 171 - 2.587 ms
GET /api/users/account 304 - - 15.836 ms
POST /api/users/login 200 183 - 225.278 ms
GET /api/users/account 304 - - 8.428 ms
GET /backend/images/1716538108585.jpg 404 171 - 2.062 ms
POST /api/posts/create 400 326 - 13.271 ms
GET /api/users/account 304 - - 10.013 ms
POST /api/posts/create 400 326 - 9.369 ms
GET /api/users/account 304 - - 22.419 ms
GET /api/users/account 304 - - 5.855 ms
POST /api/posts/create 400 326 - 6.823 ms
POST /api/posts/create 400 326 - 16.152 ms
GET /api/users/account 304 - - 193.776 ms
GET /api/users/account 304 - - 7.506 ms
GET /api/users/account 304 - - 7.880 ms
GET /api/users/account 304 - - 5.733 ms
GET /api/users/account 304 - - 6.272 ms
POST /api/posts/create 201 216 - 96.331 ms
GET /api/users/account 304 - - 3967.039 ms
POST /api/users/login 200 183 - 360.679 ms
GET /api/users/account 304 - - 13.354 ms
GET /backend/images/1716538108585.jpg 404 171 - 2.658 ms
POST /api/posts/create 201 237 - 264.013 ms
GET /api/users/account 304 - - 42.778 ms
POST /api/posts/create 201 233 - 190.104 ms
GET /api/users/account 304 - - 55.075 ms
POST /api/posts/create 500 17 - 46.416 ms
POST /api/posts/create 500 17 - 74.582 ms
GET /api/users/account 304 - - 28.167 ms
POST /api/posts/create 500 17 - 272.584 ms
GET /api/users/account 304 - - 36.832 ms
POST /api/posts/create 201 307 - 49.129 ms
GET /api/users/account 304 - - 10.890 ms
GET /api/users/account 304 - - 10.031 ms
GET /api/users/account 304 - - 480.836 ms
GET /api/users/account 304 - - 148.589 ms
POST /api/users/login 200 183 - 754.275 ms
GET /api/users/account 200 258 - 6.150 ms
GET /api/users/account 304 - - 83.253 ms
GET /api/users/account 304 - - 7.331 ms
POST /api/users/login 200 183 - 208.495 ms
GET /api/users/account 304 - - 6.524 ms
GET /api/users/account 304 - - 66.277 ms
GET /api/users/account 304 - - 50.918 ms
POST /api/users/login 200 183 - 240.454 ms
GET /api/users/account 304 - - 5.826 ms
PUT /api/users/update 200 16 - 975.939 ms
GET /api/users/account 304 - - 56.004 ms
POST /api/users/login 200 183 - 232.486 ms
GET /api/users/account 304 - - 10.182 ms
PUT /api/users/update 200 16 - 112.988 ms
GET /api/users/account 304 - - 63.364 ms
POST /api/users/login 200 183 - 268.398 ms
GET /api/users/account 304 - - 6.911 ms
PUT /api/users/update 201 258 - 716.699 ms
GET /api/users/account 200 258 - 31.915 ms
POST /api/users/login 200 24 - 496.886 ms
GET /api/users/account 500 17 - 2.772 ms
POST /api/users/login 200 24 - 193.569 ms
GET /api/users/account 500 17 - 0.737 ms
POST /api/users/login 200 24 - 209.014 ms
GET /api/users/account 500 17 - 0.577 ms
POST /api/users/login 200 183 - 203.551 ms
GET /api/users/account 200 252 - 7.014 ms
GET /api/users/account 304 - - 25.475 ms
POST /api/users/login 200 24 - 338.348 ms
GET /api/users/account 500 17 - 1.201 ms
GET /api/users/account 500 17 - 0.622 ms
GET /api/users/account 500 17 - 5.456 ms
GET /api/users/account 500 17 - 8.265 ms
GET /api/users/account 500 17 - 1.829 ms
GET /api/users/account 500 17 - 0.902 ms
GET /api/users/account 500 17 - 0.804 ms
GET /api/users/account 200 254 - 405.322 ms
GET /api/users/account 500 17 - 0.631 ms
POST /api/users/login 200 183 - 541.429 ms
GET /api/users/account 200 252 - 7.191 ms
PUT /api/users/update 201 252 - 468.335 ms
GET /api/users/account 200 252 - 8.586 ms
GET /api/users/account 304 - - 8.479 ms
GET /api/users/account 304 - - 24.329 ms
POST /api/users/login 200 24 - 265.033 ms
GET /api/users/account 500 17 - 1.145 ms
POST /api/users/login 200 24 - 194.609 ms
GET /api/users/account 500 17 - 0.590 ms
POST /api/users/login 200 24 - 180.134 ms
GET /api/users/account 500 17 - 0.535 ms
POST /api/users/login 200 24 - 293.604 ms
GET /api/users/account 500 17 - 0.767 ms
POST /api/users/register 201 282 - 419.117 ms
POST /api/users/login 200 183 - 202.317 ms
GET /api/users/account 200 282 - 5.480 ms
GET /backend/images/1716633019857.jpg 404 171 - 5.943 ms
GET /api/users/account 304 - - 44.879 ms
GET /backend/images/1716633019857.jpg 404 171 - 6.426 ms
GET /api/users/account 304 - - 36.725 ms
GET /backend/images/1716633019857.jpg 404 171 - 4.674 ms
GET /images/1716633019857.jpg 200 98700 - 10.542 ms
GET /api/users/account 304 - - 10.951 ms
GET /images/1716633019857.jpg 200 98700 - 4.033 ms
GET /backend/images/1716633019857.jpg 404 171 - 5.293 ms
GET /api/users/account 304 - - 8.423 ms
GET /backend/images/1716633019857.jpg 404 171 - 0.981 ms
GET /api/users/account 304 - - 36.801 ms
GET /backend/images/1716633019857.jpg 404 171 - 6.343 ms
POST /api/users/register 201 282 - 328.464 ms
POST /api/users/login 200 183 - 193.313 ms
GET /api/users/account 200 282 - 19.931 ms
GET /backend/images/1716633889009.jpg 404 171 - 4.378 ms
GET /api/users/account 200 4 - 85.719 ms
POST /api/users/login 200 24 - 525.493 ms
GET /api/users/account 500 17 - 0.780 ms
POST /api/users/login 200 24 - 238.344 ms
GET /api/users/account 500 17 - 0.421 ms
POST /api/users/login 200 24 - 101.033 ms
GET /api/users/account 500 17 - 0.407 ms
POST /api/users/register 201 249 - 364.458 ms
POST /api/users/login 200 183 - 105.457 ms
GET /api/users/account 200 249 - 5.563 ms
PUT /api/users/update 201 258 - 364.193 ms
GET /api/users/account 200 258 - 6.830 ms
PUT /api/users/update 201 249 - 8.938 ms
GET /api/posts/showAll 200 806 - 12.980 ms
GET /api/posts/showAll 304 - - 10.242 ms
GET /api/users/account 200 249 - 70.305 ms
PUT /api/users/update 201 249 - 41.878 ms
GET /api/posts/showAll 304 - - 7.935 ms
GET /api/users/account 200 249 - 6.726 ms
GET /api/posts/showAll 304 - - 10.404 ms
GET /api/users/account 304 - - 10.806 ms
GET /api/posts/showAll 304 - - 7.008 ms
GET /api/users/account 304 - - 5.128 ms
GET /api/posts/showAll 304 - - 10.412 ms
GET /api/users/account 304 - - 5.338 ms
GET /api/posts/showAll 304 - - 6.351 ms
GET /api/users/account 304 - - 5.502 ms
GET /api/posts/showAll 304 - - 6.008 ms
GET /api/users/account 304 - - 9.187 ms
GET /api/posts/showAll 304 - - 4.389 ms
GET /api/users/account 304 - - 7.713 ms
GET /api/posts/showAll 304 - - 4.415 ms
GET /api/posts/showAll 304 - - 9.470 ms
GET /api/users/account 304 - - 8.057 ms
GET /api/users/account 304 - - 4.983 ms
GET /api/users/account 304 - - 4.498 ms
GET /api/posts/showAll 304 - - 7.503 ms
GET /api/users/account 304 - - 4.221 ms
GET /api/posts/mypost 200 2 - 9.164 ms
POST /api/users/login 200 24 - 77.219 ms
GET /api/users/account 500 17 - 0.424 ms
POST /api/users/login 200 183 - 108.659 ms
POST /api/posts/create 201 253 - 8.334 ms
POST /api/users/login 200 183 - 112.003 ms
GET /api/users/account 200 249 - 3.735 ms
GET /api/posts/mypost 200 255 - 18.854 ms
GET /api/users/account 304 - - 365.162 ms
GET /api/posts/showAll 200 1060 - 279.365 ms
GET /api/posts/showAll 304 - - 48.482 ms
GET /api/posts/mypost 304 - - 185.411 ms
POST /api/users/login 200 183 - 410.944 ms
GET /api/users/account 304 - - 5.876 ms
GET /api/posts/mypost 304 - - 7.568 ms
GET /api/posts/showAll 304 - - 13.086 ms
GET /api/posts/showAll 304 - - 15.064 ms
GET /api/posts/showAll 304 - - 16.400 ms
GET /api/users/account 304 - - 13.393 ms
GET /api/posts/showAll 304 - - 8.817 ms
GET /api/users/account 304 - - 10.125 ms
GET /api/users/account 304 - - 9.003 ms
GET /api/posts/showAll 304 - - 10.268 ms
GET /api/users/account 304 - - 10.980 ms
GET /api/users/account 304 - - 4.448 ms
GET /api/users/account 304 - - 5.241 ms
GET /api/users/account 304 - - 6.904 ms
GET /api/posts/showAll 304 - - 6.281 ms
GET /api/users/account 304 - - 7.956 ms
GET /api/users/account 304 - - 7.798 ms
GET /api/posts/showAll 304 - - 12.318 ms
GET /api/posts/showOne/6652ea983668c5950b685b42 500 17 - 1.398 ms
GET /api/users/account 304 - - 5.142 ms
GET /api/posts/showOne/6652ea983668c5950b685b42 500 17 - 0.634 ms
GET /api/users/account 304 - - 9.327 ms
GET /api/posts/showAll 304 - - 5.498 ms
GET /api/posts/showOne/6652ea983668c5950b685b42 500 17 - 2.024 ms
GET /api/posts/showOne/6652ea983668c5950b685b42 500 17 - 1.852 ms
GET /api/posts/showOne/6652ea983668c5950b685b42 500 17 - 0.679 ms
POST /api/users/login 200 183 - 112.563 ms
GET /api/users/account 304 - - 4.266 ms
GET /api/posts/showAll 304 - - 6.505 ms
GET /api/posts/showOne/6652ea983668c5950b685b42 500 17 - 0.721 ms
POST /api/users/login 200 183 - 158.742 ms
GET /api/users/account 304 - - 4.246 ms
GET /api/posts/showAll 304 - - 24.026 ms
GET /api/users/account 304 - - 12.239 ms
GET /api/posts/mypost 304 - - 59.093 ms
PUT /api/posts/update/6652ea983668c5950b685b42 200 247 - 1458.097 ms
PUT /api/posts/update/6652ea983668c5950b685b42 200 247 - 40.816 ms
GET /api/posts/mypost 200 249 - 45.268 ms
GET /api/posts/mypost 304 - - 98.321 ms
GET /api/users/account 304 - - 96.604 ms
PUT /api/posts/update/6652ea983668c5950b685b42 200 246 - 6.713 ms
GET /api/posts/mypost 200 248 - 6.139 ms
GET /api/users/account 304 - - 8.808 ms
GET /api/posts/mypost 304 - - 6.776 ms
GET /api/users/account 304 - - 13.844 ms
GET /api/posts/mypost 304 - - 11.192 ms
GET /api/posts/showAll 200 1053 - 5.917 ms
GET /api/posts/showAll 304 - - 3.671 ms
GET /api/posts/showAll 304 - - 8.976 ms
GET /api/users/account 304 - - 28.878 ms
GET /api/posts/showAll 304 - - 4.938 ms
GET /api/posts/showAll 304 - - 19.736 ms
GET /api/users/account 304 - - 12.658 ms
POST /api/comments/664e0596c81d071252cc92b3/create 400 173 - 680.119 ms
GET /api/posts/showAll 304 - - 4.571 ms
POST /api/comments/664e0596c81d071252cc92b3/create 200 215 - 1676.200 ms
GET /api/posts/showAll 304 - - 3.692 ms
GET /api/posts/showAll 304 - - 83.517 ms
GET /api/posts/showAll 304 - - 4.618 ms
GET /api/users/account 304 - - 76.051 ms
POST /api/comments/664e228a83b44acd262ab994/create 200 213 - 10.895 ms
GET /api/comments/664e228a83b44acd262ab994/show 200 444 - 260.128 ms
GET /api/posts/showAll 304 - - 4.765 ms
GET /api/posts/showAll 304 - - 8.164 ms
GET /api/users/account 304 - - 8.165 ms
GET /api/comments/664e228a83b44acd262ab994/show 304 - - 5.454 ms
POST /api/comments/664e228a83b44acd262ab994/create 200 206 - 7.704 ms
GET /api/posts/showAll 304 - - 6.353 ms
GET /api/users/account 304 - - 5.109 ms
GET /api/posts/showAll 304 - - 11.343 ms
GET /api/users/account 304 - - 8.978 ms
GET /api/comments/664e0596c81d071252cc92b3/show 200 217 - 4.670 ms
POST /api/comments/664e0596c81d071252cc92b3/create 200 206 - 6.663 ms
GET /api/comments/664e0596c81d071252cc92b3/show 200 424 - 6.882 ms
GET /api/posts/showAll 304 - - 4.316 ms
GET /api/posts/showAll 304 - - 28.375 ms
GET /api/users/account 304 - - 8.739 ms
GET /api/comments/664e0596c81d071252cc92b3/show 304 - - 38.157 ms
GET /api/posts/showAll 304 - - 4.401 ms
GET /api/posts/showAll 304 - - 5.929 ms
GET /api/users/account 304 - - 14.379 ms
GET /api/comments/664e0596c81d071252cc92b3/show 304 - - 4.457 ms
PUT /api/comments/664e0596c81d071252cc92b3/update/6654c2128b3ad69a841df087 200 219 - 77.329 ms
GET /api/posts/showAll 304 - - 2.912 ms
GET /api/posts/showAll 304 - - 7.274 ms
GET /api/users/account 304 - - 6.492 ms
GET /api/comments/664e0596c81d071252cc92b3/show 200 428 - 5.416 ms
GET /api/posts/mypost 304 - - 6.391 ms
GET /api/posts/showAll 304 - - 13.018 ms
GET /api/comments/6652ea983668c5950b685b42/show 200 2 - 17.597 ms
POST /api/comments/6652ea983668c5950b685b42/create 200 209 - 48.800 ms
GET /api/posts/showAll 304 - - 3.650 ms
GET /api/users/account 304 - - 5.124 ms
GET /api/posts/mypost 304 - - 5.344 ms
GET /api/posts/showAll 304 - - 23.507 ms
GET /api/users/account 304 - - 47.807 ms
GET /api/posts/showAll 304 - - 40.625 ms
GET /api/posts/showAll 304 - - 7.856 ms
GET /api/posts/mypost 304 - - 5.656 ms
GET /api/users/account 304 - - 4.935 ms
GET /api/posts/mypost 304 - - 7.059 ms
GET /api/posts/mypost 304 - - 7.177 ms
GET /api/users/account 304 - - 5.909 ms
GET /api/posts/mypost 304 - - 5.859 ms
GET /api/users/account 304 - - 4.177 ms
GET /api/users/account 304 - - 4.987 ms
GET /api/posts/mypost 304 - - 5.665 ms
GET /api/posts/mypost 304 - - 15.474 ms
GET /api/users/account 304 - - 1160.275 ms
POST /api/users/login 200 183 - 520.249 ms
GET /api/users/account 304 - - 7.685 ms
POST /api/posts/create 201 230 - 515.905 ms
GET /api/posts/showAll 200 1284 - 5.901 ms
GET /api/comments/664e0596c81d071252cc92b3/show 304 - - 96.337 ms
POST /api/comments/664e0596c81d071252cc92b3/create 200 218 - 237.408 ms
DELETE /api/comments/664e0596c81d071252cc92b3/delete/6654ca5d8b3ad69a841df09b 200 206 - 139.814 ms
PUT /api/comments/664e0596c81d071252cc92b3/update/6654c2128b3ad69a841df087 200 218 - 184.990 ms
GET /api/posts/mypost 200 479 - 4.856 ms
PUT /api/users/update 201 249 - 117.339 ms
GET /api/posts/showAll 304 - - 9.997 ms
GET /api/posts/mypost 304 - - 9.168 ms
GET /api/posts/mypost 304 - - 11.090 ms
GET /api/users/account 200 249 - 9.406 ms
GET /api/posts/showAll 304 - - 7.837 ms
GET /api/posts/mypost 304 - - 9.842 ms
