POST /api/users/register 201 263 - 694.452 ms
POST /api/users/login 200 24 - 33.239 ms
POST /api/users/login 200 24 - 34.641 ms
POST /api/users/login 200 24 - 28.997 ms
POST /api/users/login 500 17 - 32.179 ms
POST /api/users/login 500 17 - 43.356 ms
POST /api/users/login 500 17 - 42.146 ms
POST /api/users/login 200 24 - 35.302 ms
POST /api/users/login 200 24 - 12.575 ms
POST /api/users/login 200 24 - 35.714 ms
POST /api/users/login 200 183 - 393.260 ms
GET /api/users/account 500 1417 - 39.728 ms
GET /api/users/account 200 263 - 37.735 ms
PUT /api/users/update 201 208 - 229.827 ms
PUT /api/users/update 200 16 - 18.927 ms
PUT /api/users/update 200 16 - 19.557 ms
PUT /api/users/update 200 16 - 28.082 ms
PUT /api/users/update 201 208 - 79.883 ms
PUT /api/users/update 200 16 - 173.145 ms
PUT /api/users/update 201 208 - 137.518 ms
PUT /api/users/update 201 258 - 127.811 ms
PUT /api/users/update 201 258 - 126.235 ms
PUT /api/users/update 200 16 - 26.479 ms
PUT /api/users/update 200 16 - 33.623 ms
PUT /api/users/update 201 258 - 137.412 ms
PUT /api/users/update 200 16 - 69.101 ms
PUT /api/users/update 200 16 - 16.073 ms
PUT /api/users/update 200 16 - 34.777 ms
POST /api/users/register 201 263 - 144.451 ms
POST /api/users/login 200 183 - 121.622 ms
GET /api/users/account 200 263 - 7.821 ms
PUT /api/users/update 201 258 - 101.918 ms
GET /api/users/account 200 258 - 5.837 ms
PUT /api/users/update 201 254 - 99.171 ms
OPTIONS /api/users/register 200 4 - 14.814 ms
POST /api/users/register 201 262 - 402.906 ms
POST /api/users/register 201 262 - 157.439 ms
POST /api/users/register 201 262 - 215.429 ms
POST /api/users/register 201 262 - 827.652 ms
POST /api/users/register 201 262 - 1222.160 ms
POST /api/users/register 201 262 - 356.109 ms
POST /api/users/login 200 183 - 452.969 ms
GET /api/users/account 200 262 - 495.547 ms
GET /api/users/account 304 - - 8.027 ms
GET /api/users/account 304 - - 44.633 ms
POST /api/users/login 200 183 - 451.030 ms
GET /api/users/account 304 - - 79.411 ms
GET /api/users/account 304 - - 7.126 ms
POST /api/users/login 200 183 - 296.865 ms
GET /api/users/account 304 - - 157.510 ms
GET /api/users/account 304 - - 5.688 ms
GET /api/users/account 304 - - 4.974 ms
GET /api/users/account 304 - - 7.049 ms
GET /api/users/account 304 - - 23.528 ms
POST /api/users/login - - - - ms
POST /api/users/login - - - - ms
POST /api/users/login - - - - ms
POST /api/users/login 200 24 - 99.151 ms
GET /api/users/account 500 17 - 64.150 ms
POST /api/users/login 200 24 - 233.969 ms
GET /api/users/account 500 17 - 1.358 ms
GET /api/users/account 500 17 - 1.265 ms
GET /api/users/account 500 17 - 4.350 ms
GET /api/users/account 500 17 - 4.249 ms
GET /api/users/account 500 17 - 0.779 ms
GET /api/users/account 500 17 - 0.558 ms
GET /api/users/account 500 17 - 0.662 ms
GET /api/users/account 500 17 - 5.673 ms
GET /api/users/account 500 17 - 0.657 ms
GET /api/users/account 500 17 - 0.450 ms
GET /api/users/account 500 17 - 0.505 ms
GET /api/users/account 500 17 - 0.530 ms
GET /api/users/account 500 17 - 0.625 ms
GET /api/users/account 500 17 - 0.754 ms
GET /api/users/account 500 17 - 0.439 ms
GET /api/users/account 500 17 - 0.491 ms
GET /api/users/account 500 17 - 0.950 ms
POST /api/users/login 200 24 - 287.755 ms
GET /api/users/account 500 17 - 0.858 ms
GET /api/users/account 500 17 - 1.020 ms
POST /api/users/login 200 24 - 197.171 ms
GET /api/users/account 500 17 - 0.436 ms
GET /api/users/account 200 254 - 206.654 ms
POST /api/users/login 200 24 - 189.978 ms
GET /api/users/account 500 17 - 0.595 ms
POST /api/users/login 200 24 - 226.380 ms
GET /api/users/account 500 17 - 0.866 ms
POST /api/users/login 200 183 - 232.867 ms
GET /api/users/account 200 254 - 7.398 ms
GET /api/users/account 304 - - 8.179 ms
GET /api/users/account 304 - - 7.308 ms
GET /api/users/account 304 - - 6.578 ms
GET /api/users/account 304 - - 7.048 ms
GET /api/users/account 304 - - 6.741 ms
GET /api/users/account 304 - - 7.069 ms
GET /api/users/account 304 - - 6.368 ms
GET /api/users/account 304 - - 5.331 ms
POST /api/users/register 201 256 - 184.642 ms
POST /api/users/login 200 183 - 86.499 ms
GET /api/users/account 200 256 - 4.557 ms
GET /api/users/account 304 - - 8.929 ms
POST /api/users/login 200 183 - 247.561 ms
GET /api/users/account 304 - - 5.945 ms
POST /api/users/login 200 183 - 243.666 ms
GET /api/users/account 304 - - 5.962 ms
POST /api/users/login 200 183 - 242.286 ms
GET /api/users/account 304 - - 5.648 ms
POST /api/users/login 200 183 - 183.668 ms
GET /api/users/account 304 - - 6.640 ms
POST /api/users/login 200 183 - 194.538 ms
GET /api/users/account 304 - - 6.078 ms
GET /api/users/account 304 - - 5.691 ms
GET /api/users/account 304 - - 5.032 ms
POST /api/users/login 200 183 - 183.695 ms
GET /api/users/account 304 - - 5.600 ms
GET /api/users/account 304 - - 8.651 ms
POST /api/users/login 200 183 - 194.124 ms
GET /api/users/account 304 - - 5.471 ms
GET /api/users/account 304 - - 6.201 ms
POST /api/users/login 200 183 - 244.488 ms
GET /api/users/account 304 - - 5.790 ms
GET /api/users/account 304 - - 6.639 ms
POST /api/users/login 200 183 - 217.840 ms
GET /api/users/account 304 - - 6.503 ms
POST /api/users/login 200 183 - 202.279 ms
GET /api/users/account 304 - - 3.692 ms
GET /api/users/account 304 - - 6.088 ms
GET /api/users/account 304 - - 7.479 ms
POST /api/users/login 200 183 - 201.881 ms
GET /api/users/account 304 - - 5.704 ms
GET /api/users/account 304 - - 4.524 ms
POST /api/users/login 200 183 - 227.772 ms
GET /api/users/account 304 - - 4.518 ms
GET /api/users/account 304 - - 5.576 ms
GET /api/users/account 304 - - 6.286 ms
POST /api/users/login 200 183 - 203.431 ms
GET /api/users/account 304 - - 5.087 ms
GET /api/users/account 304 - - 4.976 ms
GET /api/users/account 304 - - 4.409 ms
GET /api/users/account 304 - - 5.629 ms
POST /api/users/login 200 183 - 200.507 ms
GET /api/users/account 304 - - 4.679 ms
POST /api/users/login 200 183 - 206.811 ms
GET /api/users/account 304 - - 3.743 ms
GET /api/users/account 304 - - 5.157 ms
POST /api/users/login 200 183 - 191.816 ms
GET /api/users/account 304 - - 5.157 ms
POST /api/users/login 200 183 - 255.427 ms
GET /api/users/account 304 - - 5.606 ms
